<?xml version="1.0" encoding="UTF-8"?>
<testsuite xmlns:xsi="http://www.w3.org/2001/XMLSchema-instance" xsi:noNamespaceSchemaLocation="https://maven.apache.org/surefire/maven-surefire-plugin/xsd/surefire-test-report-3.0.xsd" version="3.0" name="UserCreateTest" time="6.432" tests="5" errors="0" skipped="0" failures="0">
  <properties>
    <property name="sun.desktop" value="windows"/>
    <property name="awt.toolkit" value="sun.awt.windows.WToolkit"/>
    <property name="java.specification.version" value="11"/>
    <property name="sun.cpu.isalist" value="amd64"/>
    <property name="sun.jnu.encoding" value="Cp1251"/>
    <property name="java.class.path" value="D:\Users\Евгения\Diplom_2\target\test-classes;D:\Users\Евгения\Diplom_2\target\classes;D:\Users\Евгения\.m2\repository\junit\junit\4.13.2\junit-4.13.2.jar;D:\Users\Евгения\.m2\repository\org\hamcrest\hamcrest-core\1.3\hamcrest-core-1.3.jar;D:\Users\Евгения\.m2\repository\org\slf4j\slf4j-simple\1.8.0-alpha2\slf4j-simple-1.8.0-alpha2.jar;D:\Users\Евгения\.m2\repository\org\slf4j\slf4j-api\1.8.0-alpha2\slf4j-api-1.8.0-alpha2.jar;D:\Users\Евгения\.m2\repository\com\google\guava\guava\31.0.1-jre\guava-31.0.1-jre.jar;D:\Users\Евгения\.m2\repository\com\google\guava\failureaccess\1.0.1\failureaccess-1.0.1.jar;D:\Users\Евгения\.m2\repository\com\google\guava\listenablefuture\9999.0-empty-to-avoid-conflict-with-guava\listenablefuture-9999.0-empty-to-avoid-conflict-with-guava.jar;D:\Users\Евгения\.m2\repository\com\google\code\findbugs\jsr305\3.0.2\jsr305-3.0.2.jar;D:\Users\Евгения\.m2\repository\org\checkerframework\checker-qual\3.12.0\checker-qual-3.12.0.jar;D:\Users\Евгения\.m2\repository\com\google\errorprone\error_prone_annotations\2.7.1\error_prone_annotations-2.7.1.jar;D:\Users\Евгения\.m2\repository\com\google\j2objc\j2objc-annotations\1.3\j2objc-annotations-1.3.jar;D:\Users\Евгения\.m2\repository\io\rest-assured\rest-assured\4.4.0\rest-assured-4.4.0.jar;D:\Users\Евгения\.m2\repository\org\codehaus\groovy\groovy\3.0.8\groovy-3.0.8.jar;D:\Users\Евгения\.m2\repository\org\codehaus\groovy\groovy-xml\3.0.8\groovy-xml-3.0.8.jar;D:\Users\Евгения\.m2\repository\org\apache\httpcomponents\httpclient\4.5.13\httpclient-4.5.13.jar;D:\Users\Евгения\.m2\repository\org\apache\httpcomponents\httpcore\4.4.13\httpcore-4.4.13.jar;D:\Users\Евгения\.m2\repository\commons-logging\commons-logging\1.2\commons-logging-1.2.jar;D:\Users\Евгения\.m2\repository\commons-codec\commons-codec\1.11\commons-codec-1.11.jar;D:\Users\Евгения\.m2\repository\org\apache\httpcomponents\httpmime\4.5.13\httpmime-4.5.13.jar;D:\Users\Евгения\.m2\repository\org\hamcrest\hamcrest\2.1\hamcrest-2.1.jar;D:\Users\Евгения\.m2\repository\org\ccil\cowan\tagsoup\tagsoup\1.2.1\tagsoup-1.2.1.jar;D:\Users\Евгения\.m2\repository\io\rest-assured\json-path\4.4.0\json-path-4.4.0.jar;D:\Users\Евгения\.m2\repository\org\codehaus\groovy\groovy-json\3.0.8\groovy-json-3.0.8.jar;D:\Users\Евгения\.m2\repository\io\rest-assured\rest-assured-common\4.4.0\rest-assured-common-4.4.0.jar;D:\Users\Евгения\.m2\repository\io\rest-assured\xml-path\4.4.0\xml-path-4.4.0.jar;D:\Users\Евгения\.m2\repository\org\apache\commons\commons-lang3\3.11\commons-lang3-3.11.jar;D:\Users\Евгения\.m2\repository\jakarta\xml\bind\jakarta.xml.bind-api\2.3.3\jakarta.xml.bind-api-2.3.3.jar;D:\Users\Евгения\.m2\repository\jakarta\activation\jakarta.activation-api\1.2.2\jakarta.activation-api-1.2.2.jar;D:\Users\Евгения\.m2\repository\com\sun\xml\bind\jaxb-impl\2.3.3\jaxb-impl-2.3.3.jar;D:\Users\Евгения\.m2\repository\com\google\code\gson\gson\2.8.9\gson-2.8.9.jar;D:\Users\Евгения\.m2\repository\io\qameta\allure\allure-junit4\2.16.0\allure-junit4-2.16.0.jar;D:\Users\Евгения\.m2\repository\io\qameta\allure\allure-java-commons\2.16.0\allure-java-commons-2.16.0.jar;D:\Users\Евгения\.m2\repository\io\qameta\allure\allure-model\2.16.0\allure-model-2.16.0.jar;D:\Users\Евгения\.m2\repository\io\qameta\allure\allure-rest-assured\2.16.0\allure-rest-assured-2.16.0.jar;D:\Users\Евгения\.m2\repository\io\qameta\allure\allure-attachments\2.16.0\allure-attachments-2.16.0.jar;D:\Users\Евгения\.m2\repository\org\freemarker\freemarker\2.3.31\freemarker-2.3.31.jar;"/>
    <property name="java.vm.vendor" value="Amazon.com Inc."/>
    <property name="sun.arch.data.model" value="64"/>
    <property name="user.variant" value=""/>
    <property name="java.vendor.url" value="https://aws.amazon.com/corretto/"/>
    <property name="user.timezone" value="Asia/Yekaterinburg"/>
    <property name="java.vm.specification.version" value="11"/>
    <property name="os.name" value="Windows 10"/>
    <property name="sun.java.launcher" value="SUN_STANDARD"/>
    <property name="user.country" value="RU"/>
    <property name="sun.boot.library.path" value="C:\Program Files\Amazon Corretto\jdk11.0.24_8\bin"/>
    <property name="sun.java.command" value="D:\Users\Евгения\AppData\Local\Temp\surefire1205772962741695197\surefirebooter1223629539701503973.jar D:\Users\Евгения\AppData\Local\Temp\surefire1205772962741695197 2024-11-26T15-51-31_938-jvmRun1 surefire13816893929586186533tmp surefire_016579562462678631775tmp"/>
    <property name="jdk.debug" value="release"/>
    <property name="surefire.test.class.path" value="D:\Users\Евгения\Diplom_2\target\test-classes;D:\Users\Евгения\Diplom_2\target\classes;D:\Users\Евгения\.m2\repository\junit\junit\4.13.2\junit-4.13.2.jar;D:\Users\Евгения\.m2\repository\org\hamcrest\hamcrest-core\1.3\hamcrest-core-1.3.jar;D:\Users\Евгения\.m2\repository\org\slf4j\slf4j-simple\1.8.0-alpha2\slf4j-simple-1.8.0-alpha2.jar;D:\Users\Евгения\.m2\repository\org\slf4j\slf4j-api\1.8.0-alpha2\slf4j-api-1.8.0-alpha2.jar;D:\Users\Евгения\.m2\repository\com\google\guava\guava\31.0.1-jre\guava-31.0.1-jre.jar;D:\Users\Евгения\.m2\repository\com\google\guava\failureaccess\1.0.1\failureaccess-1.0.1.jar;D:\Users\Евгения\.m2\repository\com\google\guava\listenablefuture\9999.0-empty-to-avoid-conflict-with-guava\listenablefuture-9999.0-empty-to-avoid-conflict-with-guava.jar;D:\Users\Евгения\.m2\repository\com\google\code\findbugs\jsr305\3.0.2\jsr305-3.0.2.jar;D:\Users\Евгения\.m2\repository\org\checkerframework\checker-qual\3.12.0\checker-qual-3.12.0.jar;D:\Users\Евгения\.m2\repository\com\google\errorprone\error_prone_annotations\2.7.1\error_prone_annotations-2.7.1.jar;D:\Users\Евгения\.m2\repository\com\google\j2objc\j2objc-annotations\1.3\j2objc-annotations-1.3.jar;D:\Users\Евгения\.m2\repository\io\rest-assured\rest-assured\4.4.0\rest-assured-4.4.0.jar;D:\Users\Евгения\.m2\repository\org\codehaus\groovy\groovy\3.0.8\groovy-3.0.8.jar;D:\Users\Евгения\.m2\repository\org\codehaus\groovy\groovy-xml\3.0.8\groovy-xml-3.0.8.jar;D:\Users\Евгения\.m2\repository\org\apache\httpcomponents\httpclient\4.5.13\httpclient-4.5.13.jar;D:\Users\Евгения\.m2\repository\org\apache\httpcomponents\httpcore\4.4.13\httpcore-4.4.13.jar;D:\Users\Евгения\.m2\repository\commons-logging\commons-logging\1.2\commons-logging-1.2.jar;D:\Users\Евгения\.m2\repository\commons-codec\commons-codec\1.11\commons-codec-1.11.jar;D:\Users\Евгения\.m2\repository\org\apache\httpcomponents\httpmime\4.5.13\httpmime-4.5.13.jar;D:\Users\Евгения\.m2\repository\org\hamcrest\hamcrest\2.1\hamcrest-2.1.jar;D:\Users\Евгения\.m2\repository\org\ccil\cowan\tagsoup\tagsoup\1.2.1\tagsoup-1.2.1.jar;D:\Users\Евгения\.m2\repository\io\rest-assured\json-path\4.4.0\json-path-4.4.0.jar;D:\Users\Евгения\.m2\repository\org\codehaus\groovy\groovy-json\3.0.8\groovy-json-3.0.8.jar;D:\Users\Евгения\.m2\repository\io\rest-assured\rest-assured-common\4.4.0\rest-assured-common-4.4.0.jar;D:\Users\Евгения\.m2\repository\io\rest-assured\xml-path\4.4.0\xml-path-4.4.0.jar;D:\Users\Евгения\.m2\repository\org\apache\commons\commons-lang3\3.11\commons-lang3-3.11.jar;D:\Users\Евгения\.m2\repository\jakarta\xml\bind\jakarta.xml.bind-api\2.3.3\jakarta.xml.bind-api-2.3.3.jar;D:\Users\Евгения\.m2\repository\jakarta\activation\jakarta.activation-api\1.2.2\jakarta.activation-api-1.2.2.jar;D:\Users\Евгения\.m2\repository\com\sun\xml\bind\jaxb-impl\2.3.3\jaxb-impl-2.3.3.jar;D:\Users\Евгения\.m2\repository\com\google\code\gson\gson\2.8.9\gson-2.8.9.jar;D:\Users\Евгения\.m2\repository\io\qameta\allure\allure-junit4\2.16.0\allure-junit4-2.16.0.jar;D:\Users\Евгения\.m2\repository\io\qameta\allure\allure-java-commons\2.16.0\allure-java-commons-2.16.0.jar;D:\Users\Евгения\.m2\repository\io\qameta\allure\allure-model\2.16.0\allure-model-2.16.0.jar;D:\Users\Евгения\.m2\repository\io\qameta\allure\allure-rest-assured\2.16.0\allure-rest-assured-2.16.0.jar;D:\Users\Евгения\.m2\repository\io\qameta\allure\allure-attachments\2.16.0\allure-attachments-2.16.0.jar;D:\Users\Евгения\.m2\repository\org\freemarker\freemarker\2.3.31\freemarker-2.3.31.jar;"/>
    <property name="sun.cpu.endian" value="little"/>
    <property name="allure.results.directory" value="D:\Users\Евгения\Diplom_2\target/allure-results"/>
    <property name="user.home" value="D:\Users\Евгения"/>
    <property name="user.language" value="ru"/>
    <property name="java.specification.vendor" value="Oracle Corporation"/>
    <property name="java.version.date" value="2024-07-16"/>
    <property name="java.home" value="C:\Program Files\Amazon Corretto\jdk11.0.24_8"/>
    <property name="file.separator" value="\"/>
    <property name="basedir" value="D:\Users\Евгения\Diplom_2"/>
    <property name="java.vm.compressedOopsMode" value="32-bit"/>
    <property name="line.separator" value="&#10;"/>
    <property name="java.specification.name" value="Java Platform API Specification"/>
    <property name="java.vm.specification.vendor" value="Oracle Corporation"/>
    <property name="java.awt.graphicsenv" value="sun.awt.Win32GraphicsEnvironment"/>
    <property name="surefire.real.class.path" value="D:\Users\Евгения\AppData\Local\Temp\surefire1205772962741695197\surefirebooter1223629539701503973.jar"/>
    <property name="user.script" value=""/>
    <property name="sun.management.compiler" value="HotSpot 64-Bit Tiered Compilers"/>
    <property name="java.runtime.version" value="11.0.24+8-LTS"/>
    <property name="user.name" value="Svetlana Belyakova"/>
    <property name="path.separator" value=";"/>
    <property name="os.version" value="10.0"/>
    <property name="java.runtime.name" value="OpenJDK Runtime Environment"/>
    <property name="file.encoding" value="Cp1251"/>
    <property name="java.vm.name" value="OpenJDK 64-Bit Server VM"/>
    <property name="java.vendor.version" value="Corretto-11.0.24.8.1"/>
    <property name="localRepository" value="D:\Users\Евгения\.m2\repository"/>
    <property name="java.vendor.url.bug" value="https://github.com/corretto/corretto-11/issues/"/>
    <property name="java.io.tmpdir" value="D:\Users\Евгения\AppData\Local\Temp\"/>
    <property name="idea.version" value="2024.2.4"/>
    <property name="java.version" value="11.0.24"/>
    <property name="user.dir" value="D:\Users\Евгения\Diplom_2"/>
    <property name="os.arch" value="amd64"/>
    <property name="java.vm.specification.name" value="Java Virtual Machine Specification"/>
    <property name="java.awt.printerjob" value="sun.awt.windows.WPrinterJob"/>
    <property name="sun.os.patch.level" value=""/>
    <property name="java.library.path" value="C:\Program Files\Amazon Corretto\jdk11.0.24_8\bin;C:\WINDOWS\Sun\Java\bin;C:\WINDOWS\system32;C:\WINDOWS;C:\Users\allure-2.32.0\bin;C:\Program Files\Git\cmd;C:\Program Files\Git\mingw64\bin;C:\Program Files\Git\usr\bin;C:\Program Files\Docker\Docker;C:\Program Files\Docker\Docker\resources\wsl;C:\Program Files\Rancher Desktop\resources\resources\win32\bin\;C:\Program Files\Rancher Desktop\resources\resources\win32\docker-cli-plugins\;C:\Program Files\Rancher Desktop\resources\resources\linux\bin\;C:\Program Files\Rancher Desktop\resources\resources\linux\docker-cli-plugins\;C:\Program Files\Docker\Docker\resources\bin;D:\Users\Евгения\WebDriver\bin;;."/>
    <property name="java.vm.info" value="mixed mode"/>
    <property name="java.vendor" value="Amazon.com Inc."/>
    <property name="java.vm.version" value="11.0.24+8-LTS"/>
    <property name="java.specification.maintenance.version" value="2"/>
    <property name="sun.io.unicode.encoding" value="UnicodeLittle"/>
    <property name="java.class.version" value="55.0"/>
  </properties>
  <testcase name="userCreateIsEmptyName" classname="UserCreateTest" time="1.264"/>
  <testcase name="userCreateByValidCredentials" classname="UserCreateTest" time="1.841"/>
  <testcase name="userCreateIsEmptyEmail" classname="UserCreateTest" time="0.558"/>
  <testcase name="userCreateIsEmptyPassword" classname="UserCreateTest" time="0.561"/>
  <testcase name="repeatedRequestByCreateUser" classname="UserCreateTest" time="2.116"/>
</testsuite>